
> arontec-scm-frontend@0.1.0 dev
> vite


  VITE v5.4.21  ready in 440 ms

  ➜  Local:   http://localhost:3000/
  ➜  Network: use --host to expose
  ➜  press h + enter to show help
12:40:27 PM [vite] hmr update /src/pages/admin/Dashboard.jsx
12:40:29 PM [vite] hmr update /src/pages/admin/Products.jsx
12:40:29 PM [vite] hmr update /src/pages/admin/Products.jsx
5:03:50 PM [vite] hmr update /src/pages/Catalog.jsx
5:04:34 PM [vite] hmr update /src/pages/Cart.jsx
5:36:30 PM [vite] hmr update /src/pages/admin/Products.jsx
5:37:16 PM [vite] hmr update /src/pages/admin/Products.jsx
5:37:21 PM [vite] hmr update /src/pages/admin/Products.jsx
5:37:32 PM [vite] hmr update /src/pages/Catalog.jsx
5:44:22 PM [vite] hmr update /src/pages/Catalog.jsx
5:44:27 PM [vite] hmr update /src/pages/Catalog.jsx
5:51:12 PM [vite] hmr update /src/App.jsx
5:51:16 PM [vite] hmr update /src/pages/Catalog.jsx
5:54:01 PM [vite] hmr update /src/App.jsx
5:57:10 PM [vite] hmr update /src/pages/admin/Products.jsx
5:57:50 PM [vite] hmr update /src/pages/admin/Products.jsx
6:12:51 PM [vite] hmr update /src/pages/admin/Products.jsx
6:14:46 PM [vite] hmr update /src/pages/admin/Products.jsx
6:15:46 PM [vite] hmr update /src/pages/admin/Products.jsx
8:34:28 PM [vite] hmr update /src/pages/Catalog.jsx
8:34:30 PM [vite] hmr update /src/pages/Catalog.jsx
8:34:32 PM [vite] hmr update /src/pages/Catalog.jsx
8:35:04 PM [vite] hmr update /src/pages/Catalog.jsx
8:36:12 PM [vite] hmr update /src/pages/Catalog.jsx
8:36:16 PM [vite] hmr update /src/pages/Catalog.jsx
8:38:23 PM [vite] page reload src/config.js
8:38:34 PM [vite] page reload src/main.jsx
8:38:34 PM [vite] hmr update /src/App.jsx
8:38:34 PM [vite] hmr update /src/pages/ProductDetail.jsx
8:38:34 PM [vite] hmr update /src/pages/admin/Products.jsx
8:38:34 PM [vite] hmr update /src/pages/admin/Quotes.jsx
8:38:34 PM [vite] hmr update /src/pages/admin/Dashboard.jsx
8:38:34 PM [vite] hmr update /src/pages/admin/Members.jsx
8:38:34 PM [vite] hmr update /src/pages/Catalog.jsx
8:38:34 PM [vite] hmr update /src/pages/Dashboard.jsx
8:38:34 PM [vite] hmr update /src/pages/Login.jsx
8:38:34 PM [vite] hmr update /src/pages/MyPage.jsx
8:38:34 PM [vite] hmr update /src/pages/Cart.jsx
8:38:34 PM [vite] hmr update /src/pages/QuoteRequest.jsx
8:38:34 PM [vite] hmr update /src/pages/Register.jsx
8:38:41 PM [vite] hmr update /src/pages/Dashboard.jsx
8:38:41 PM [vite] hmr update /src/pages/Register.jsx
8:38:41 PM [vite] hmr update /src/pages/admin/Dashboard.jsx
8:38:41 PM [vite] hmr update /src/pages/QuoteRequest.jsx
8:38:41 PM [vite] hmr update /src/pages/MyPage.jsx
8:38:41 PM [vite] hmr update /src/pages/Login.jsx
8:38:41 PM [vite] hmr update /src/pages/admin/Products.jsx
8:38:41 PM [vite] page reload src/main.jsx
8:38:41 PM [vite] hmr update /src/pages/Cart.jsx
8:38:41 PM [vite] hmr update /src/pages/Catalog.jsx
8:38:41 PM [vite] hmr update /src/pages/admin/Members.jsx
8:38:41 PM [vite] hmr update /src/App.jsx
8:38:41 PM [vite] hmr update /src/pages/ProductDetail.jsx
11:19:36 PM [vite] hmr update /src/App.jsx
11:19:41 PM [vite] hmr update /src/pages/Login.jsx
11:19:47 PM [vite] hmr update /src/pages/Login.jsx
11:19:49 PM [vite] hmr update /src/pages/Dashboard.jsx
11:19:49 PM [vite] hmr update /src/pages/Dashboard.jsx
11:20:38 PM [vite] hmr update /src/pages/Catalog.jsx
11:20:42 PM [vite] hmr update /src/pages/Cart.jsx
11:20:47 PM [vite] hmr update /src/pages/Cart.jsx
11:21:14 PM [vite] hmr update /src/pages/ProductDetail.jsx
11:21:19 PM [vite] hmr update /src/pages/ProductDetail.jsx
11:21:20 PM [vite] hmr update /src/pages/QuoteRequest.jsx
11:21:20 PM [vite] hmr update /src/pages/QuoteRequest.jsx
11:21:25 PM [vite] hmr update /src/pages/MyPage.jsx
11:21:25 PM [vite] hmr update /src/pages/MyPage.jsx
11:21:30 PM [vite] hmr update /src/pages/Register.jsx
11:21:56 PM [vite] hmr update /src/pages/admin/Dashboard.jsx
11:22:04 PM [vite] hmr update /src/pages/admin/Members.jsx
11:22:10 PM [vite] hmr update /src/pages/admin/Quotes.jsx
11:22:10 PM [vite] hmr update /src/pages/admin/Quotes.jsx
11:22:37 PM [vite] hmr update /src/pages/admin/Products.jsx
11:33:13 PM [vite] hmr update /src/pages/Dashboard.jsx
11:33:19 PM [vite] hmr update /src/pages/Dashboard.jsx
11:47:29 PM [vite] hmr update /src/pages/admin/Products.jsx
12:06:00 AM [vite] hmr update /src/pages/Catalog.jsx
1:10:40 AM [vite] hmr update /src/pages/admin/Products.jsx
1:10:47 AM [vite] hmr update /src/pages/admin/Products.jsx
1:21:16 AM [vite] hmr update /src/pages/Catalog.jsx
1:27:19 AM [vite] hmr update /src/pages/MyPage.jsx
1:31:21 AM [vite] hmr update /src/pages/MyPage.jsx
1:36:43 AM [vite] hmr update /src/pages/Dashboard.jsx
1:36:50 AM [vite] hmr update /src/pages/Dashboard.jsx
1:36:55 AM [vite] hmr update /src/pages/Cart.jsx
1:37:00 AM [vite] hmr update /src/pages/Catalog.jsx
1:37:01 AM [vite] hmr update /src/pages/Catalog.jsx
1:37:13 AM [vite] hmr update /src/pages/ProductDetail.jsx
1:37:16 AM [vite] hmr update /src/pages/admin/Quotes.jsx
1:37:16 AM [vite] hmr update /src/pages/admin/Quotes.jsx
1:37:19 AM [vite] hmr update /src/pages/ProductDetail.jsx
1:37:20 AM [vite] hmr update /src/pages/admin/Products.jsx
1:40:50 AM [vite] hmr update /src/App.jsx
1:41:08 AM [vite] hmr update /src/pages/Catalog.jsx
1:41:08 AM [vite] hmr update /src/pages/Catalog.jsx
1:41:22 AM [vite] hmr update /src/pages/ProductDetail.jsx
1:41:30 AM [vite] hmr update /src/pages/Cart.jsx
1:42:19 AM [vite] hmr update /src/pages/Cart.jsx
1:42:19 AM [vite] hmr update /src/pages/Cart.jsx
1:42:23 AM [vite] hmr update /src/pages/MyPage.jsx
1:45:11 AM [vite] hmr update /src/pages/MyPage.jsx
1:45:11 AM [vite] hmr update /src/pages/Cart.jsx
5:14:25 AM [vite] hmr update /src/pages/Cart.jsx
5:14:34 AM [vite] hmr update /src/pages/Cart.jsx
5:14:57 AM [vite] hmr update /src/pages/Cart.jsx
5:20:23 AM [vite] hmr update /src/pages/MyPage.jsx
5:20:30 AM [vite] hmr update /src/pages/MyPage.jsx
5:26:45 AM [vite] hmr update /src/pages/MyPage.jsx
5:29:26 AM [vite] hmr update /src/pages/admin/Quotes.jsx
5:29:56 AM [vite] hmr update /src/pages/MyPage.jsx
6:10:32 AM [vite] hmr update /src/pages/MyPage.jsx
6:14:49 AM [vite] hmr update /src/pages/MyPage.jsx
6:19:48 AM [vite] hmr update /src/pages/MyPage.jsx
6:22:27 AM [vite] hmr update /src/pages/MyPage.jsx
6:25:51 AM [vite] hmr update /src/pages/MyPage.jsx
6:29:24 AM [vite] hmr update /src/pages/MyPage.jsx
6:34:02 AM [vite] page reload index.html
6:34:02 AM [vite] page reload index.html
10:55:29 AM [vite] hmr update /src/pages/admin/Products.jsx
11:06:14 AM [vite] hmr update /src/pages/admin/Products.jsx
11:06:24 AM [vite] hmr update /src/pages/admin/Products.jsx
11:10:35 AM [vite] hmr update /src/pages/admin/Products.jsx
11:16:27 AM [vite] hmr update /src/pages/admin/Products.jsx
11:17:32 AM [vite] hmr update /src/pages/admin/Products.jsx
11:39:44 AM [vite] hmr update /src/pages/admin/Products.jsx
11:58:16 AM [vite] hmr update /src/pages/admin/Products.jsx
12:02:18 PM [vite] hmr update /src/pages/admin/Products.jsx
12:02:27 PM [vite] hmr update /src/pages/admin/Products.jsx
12:04:16 PM [vite] hmr update /src/pages/admin/Products.jsx
12:04:24 PM [vite] hmr update /src/pages/admin/Products.jsx
12:06:28 PM [vite] hmr update /src/pages/admin/Products.jsx
12:09:01 PM [vite] hmr update /src/pages/admin/Products.jsx
12:47:11 PM [vite] hmr update /src/pages/admin/Products.jsx
12:47:23 PM [vite] hmr update /src/pages/admin/Products.jsx
12:53:34 PM [vite] hmr update /src/pages/admin/Products.jsx
1:58:28 PM [vite] hmr update /src/pages/admin/Products.jsx
2:07:55 PM [vite] hmr update /src/pages/admin/Products.jsx
2:42:21 PM [vite] hmr update /src/pages/admin/Products.jsx
2:42:30 PM [vite] hmr update /src/pages/admin/Products.jsx
2:44:36 PM [vite] hmr update /src/pages/admin/Products.jsx
5:39:53 PM [vite] hmr update /src/pages/admin/Products.jsx
5:40:56 PM [vite] hmr update /src/App.jsx
5:53:35 PM [vite] hmr update /src/pages/admin/Dashboard.jsx
5:53:45 PM [vite] hmr update /src/pages/admin/Members.jsx
5:53:50 PM [vite] hmr update /src/pages/admin/Products.jsx
5:54:04 PM [vite] hmr update /src/pages/admin/Quotes.jsx
5:54:07 PM [vite] hmr update /src/pages/admin/Quotes.jsx
6:06:44 PM [vite] hmr update /src/pages/admin/Products.jsx
6:10:18 PM [vite] hmr update /src/pages/admin/Products.jsx
8:55:14 PM [vite] hmr update /src/pages/admin/Products.jsx
9:00:48 PM [vite] hmr update /src/pages/Catalog.jsx
9:00:54 PM [vite] hmr update /src/pages/Catalog.jsx
9:10:08 PM [vite] hmr update /src/pages/admin/Products.jsx
9:14:19 PM [vite] hmr update /src/pages/admin/Products.jsx
9:14:27 PM [vite] hmr update /src/pages/admin/Products.jsx
10:41:22 PM [vite] hmr update /src/pages/admin/Products.jsx
10:41:29 PM [vite] hmr update /src/pages/admin/Products.jsx
10:45:36 PM [vite] hmr update /src/pages/admin/Products.jsx
10:49:24 PM [vite] hmr update /src/pages/admin/Products.jsx
10:54:45 PM [vite] hmr update /src/pages/admin/Products.jsx
10:54:53 PM [vite] hmr update /src/pages/admin/Products.jsx
10:55:30 PM [vite] hmr update /src/pages/admin/Products.jsx
11:47:41 PM [vite] hmr update /src/pages/admin/Products.jsx
11:51:56 PM [vite] hmr update /src/pages/admin/Products.jsx
11:52:05 PM [vite] hmr update /src/pages/admin/Products.jsx
11:54:01 PM [vite] hmr update /src/pages/admin/Products.jsx
11:54:05 PM [vite] hmr update /src/pages/admin/Products.jsx
11:54:08 PM [vite] hmr update /src/pages/admin/Products.jsx
9:27:27 AM [vite] hmr update /src/index.css
9:28:04 AM [vite] hmr update /src/pages/admin/Products.jsx
9:42:03 AM [vite] hmr update /src/pages/Catalog.jsx
9:42:03 AM [vite] hmr update /src/pages/Catalog.jsx
9:42:54 AM [vite] hmr update /src/pages/Catalog.jsx
9:53:45 AM [vite] hmr update /src/pages/Catalog.jsx
9:58:50 AM [vite] hmr update /src/pages/Catalog.jsx
10:11:29 AM [vite] hmr update /src/pages/Catalog.jsx
10:20:31 AM [vite] hmr update /src/pages/Catalog.jsx
10:24:16 AM [vite] hmr update /src/pages/Catalog.jsx
6:57:56 PM [vite] hmr update /src/pages/admin/Products.jsx
6:58:01 PM [vite] hmr update /src/pages/admin/Products.jsx
9:47:43 PM [vite] hmr update /src/pages/admin/Products.jsx
7:48:53 AM [vite] hmr update /src/pages/admin/Products.jsx
